<?xml version="1.0" encoding="UTF-8"?>
<!-- Generated by org.testng.reporters.JUnitReportReporter -->
<testsuite hostname="LIN-5CG3350NMY" failures="0" tests="1" name="Testcases.NegativeTest_LoginScenario" time="5.693" errors="0" timestamp="2024-04-03T11:58:11 IST" skipped="0">
  <testcase classname="Testcases.NegativeTest_LoginScenario" name="negativeLogin" time="5.693"/>
  <system-out/>
</testsuite> <!-- Testcases.NegativeTest_LoginScenario -->
