<?xml version="1.0" encoding="UTF-8"?>
<!-- Generated by org.testng.reporters.JUnitReportReporter -->
<testsuite hostname="LIN-5CG3350NMY" failures="0" tests="4" name="Testcases.PlacingTheOrder" time="56.518" errors="0" timestamp="2024-04-11T17:38:35 IST" skipped="0">
  <testcase classname="Testcases.PlacingTheOrder" name="submitOrder" time="18.355"/>
  <system-out/>
  <testcase classname="Testcases.PlacingTheOrder" name="verifying_whether_the_created_order_is_present_in_The_order_screen" time="12.758"/>
  <system-out/>
  <testcase classname="Testcases.PlacingTheOrder" name="submitOrder" time="17.973"/>
  <system-out/>
  <testcase classname="Testcases.PlacingTheOrder" name="verifying_whether_the_created_order_is_present_in_The_order_screen" time="7.432"/>
  <system-out/>
</testsuite> <!-- Testcases.PlacingTheOrder -->
