<?xml version="1.0" encoding="UTF-8"?>
<!-- Generated by org.testng.reporters.JUnitReportReporter -->
<testsuite hostname="LIN-5CG3350NMY" failures="0" tests="3" name="cucumber.runner.TestRunner" time="22.110" errors="0" timestamp="2024-04-12T16:26:24 IST" skipped="0">
  <testcase classname="cucumber.runner.TestRunner" name="runScenario" time="0.845"/>
  <system-out/>
  <testcase classname="cucumber.runner.TestRunner" name="runScenario" time="2.715"/>
  <system-out/>
  <testcase classname="cucumber.runner.TestRunner" name="runScenario" time="18.550"/>
  <system-out/>
</testsuite> <!-- cucumber.runner.TestRunner -->
