<?xml version="1.0" encoding="UTF-8"?>
<!-- Generated by org.testng.reporters.JUnitReportReporter -->
<testsuite hostname="LIN-5CG3350NMY" failures="0" tests="1" name="cucumber.runner.APITestRunner" time="2.240" errors="0" timestamp="2024-04-12T12:37:31 IST" skipped="0">
  <testcase classname="cucumber.runner.APITestRunner" name="runScenario" time="2.240"/>
  <system-out/>
</testsuite> <!-- cucumber.runner.APITestRunner -->
