<?xml version="1.0" encoding="UTF-8"?>
<!-- Generated by org.testng.reporters.JUnitReportReporter -->
<testsuite hostname="LIN-5CG3350NMY" failures="0" tests="1" name="basicFlow.StandAloneTest" time="17.190" errors="0" timestamp="2024-04-02T19:46:49 IST" skipped="0">
  <testcase classname="basicFlow.StandAloneTest" name="submitOrder" time="17.190"/>
  <system-out/>
</testsuite> <!-- basicFlow.StandAloneTest -->
