<?xml version="1.0" encoding="UTF-8"?>
<!-- Generated by org.testng.reporters.JUnitReportReporter -->
<testsuite hostname="LIN-5CG3350NMY" failures="0" tests="3" name="cucumber.runner.TestRunner" time="24.851" errors="0" timestamp="2024-04-12T17:19:12 IST" skipped="0">
  <testcase classname="cucumber.runner.TestRunner" name="runScenario" time="2.374"/>
  <system-out/>
  <testcase classname="cucumber.runner.TestRunner" name="runScenario" time="21.571"/>
  <system-out/>
  <testcase classname="cucumber.runner.TestRunner" name="runScenario" time="0.906"/>
  <system-out/>
</testsuite> <!-- cucumber.runner.TestRunner -->
