<?xml version="1.0" encoding="UTF-8"?>
<!-- Generated by org.testng.reporters.JUnitReportReporter -->
<testsuite hostname="LIN-5CG3350NMY" failures="0" tests="4" name="Testcases.PlacingTheOrder" time="49.635" errors="0" timestamp="2024-04-11T19:25:36 IST" skipped="0">
  <testcase classname="Testcases.PlacingTheOrder" name="verifying_whether_the_created_order_is_present_in_The_order_screen" time="6.886"/>
  <system-out/>
  <testcase classname="Testcases.PlacingTheOrder" name="submitOrder" time="18.048"/>
  <system-out/>
  <testcase classname="Testcases.PlacingTheOrder" name="submitOrder" time="17.787"/>
  <system-out/>
  <testcase classname="Testcases.PlacingTheOrder" name="verifying_whether_the_created_order_is_present_in_The_order_screen" time="6.914"/>
  <system-out/>
</testsuite> <!-- Testcases.PlacingTheOrder -->
